0 verbose cli /opt/homebrew/Cellar/node/24.3.0/bin/node /opt/homebrew/bin/npm
1 info using npm@11.4.2
2 info using node@v24.3.0
3 silly config load:file:/opt/homebrew/lib/node_modules/npm/npmrc
4 silly config load:file:/Users/mattheusbarroos/Documents/Git_Projects/Decora/decora-management-app/.npmrc
5 silly config load:file:/Users/mattheusbarroos/.npmrc
6 silly config load:file:/opt/homebrew/etc/npmrc
7 verbose title npm i prisma
8 verbose argv "i" "--save-dev" "prisma" "--cache" "./.npm-cache" "--prefer-offline" "--no-audit" "--no-fund"
9 verbose logfile logs-max:10 dir:/Users/mattheusbarroos/Documents/Git_Projects/Decora/decora-management-app/.npm-cache/_logs/2026-02-16T22_17_57_440Z-
10 verbose logfile /Users/mattheusbarroos/Documents/Git_Projects/Decora/decora-management-app/.npm-cache/_logs/2026-02-16T22_17_57_440Z-debug-0.log
11 silly logfile done cleaning log files
12 silly packumentCache heap:4496293888 maxSize:1124073472 maxEntrySize:562036736
13 http fetch GET https://registry.npmjs.org/npm attempt 1 failed with ENOTFOUND
14 silly idealTree buildDeps
15 silly fetch manifest prisma@*
16 silly packumentCache full:https://registry.npmjs.org/prisma cache-miss
17 http fetch GET https://registry.npmjs.org/prisma attempt 1 failed with ENOTFOUND
18 http fetch GET https://registry.npmjs.org/npm attempt 2 failed with ENOTFOUND
19 http fetch GET https://registry.npmjs.org/prisma attempt 2 failed with ENOTFOUND
20 http fetch GET https://registry.npmjs.org/npm attempt 3 failed with ENOTFOUND
21 http fetch GET https://registry.npmjs.org/prisma attempt 3 failed with ENOTFOUND
22 silly placeDep ROOT prisma@ OK for: decora-management-app@0.1.0 want: *
23 verbose type system
24 verbose stack FetchError: request to https://registry.npmjs.org/prisma failed, reason: getaddrinfo ENOTFOUND registry.npmjs.org
24 verbose stack     at ClientRequest.<anonymous> (/opt/homebrew/lib/node_modules/npm/node_modules/minipass-fetch/lib/index.js:130:14)
24 verbose stack     at ClientRequest.emit (node:events:507:28)
24 verbose stack     at emitErrorEvent (node:_http_client:104:11)
24 verbose stack     at _destroy (node:_http_client:898:9)
24 verbose stack     at onSocketNT (node:_http_client:918:5)
24 verbose stack     at process.processTicksAndRejections (node:internal/process/task_queues:91:21)
25 error code ENOTFOUND
26 error syscall getaddrinfo
27 error errno ENOTFOUND
28 error network request to https://registry.npmjs.org/prisma failed, reason: getaddrinfo ENOTFOUND registry.npmjs.org
29 error network This is a problem related to network connectivity.
29 error network In most cases you are behind a proxy or have bad network settings.
29 error network
29 error network If you are behind a proxy, please make sure that the
29 error network 'proxy' config is set properly.  See: 'npm help config'
30 silly unfinished npm timer reify 1771280277763
31 silly unfinished npm timer reify:loadTrees 1771280277764
32 verbose cwd /Users/mattheusbarroos/Documents/Git_Projects/Decora/decora-management-app
33 verbose os Darwin 25.2.0
34 verbose node v24.3.0
35 verbose npm  v11.4.2
36 verbose exit 1
37 verbose code 1
38 error A complete log of this run can be found in: /Users/mattheusbarroos/Documents/Git_Projects/Decora/decora-management-app/.npm-cache/_logs/2026-02-16T22_17_57_440Z-debug-0.log
